<?xml version="1.0" encoding="UTF-8"?>
<testsuite name="com.evo.suites.wiki.WikiFullSuite" time="0.015" tests="13" errors="6" skipped="3" failures="0">
  <properties>
    <property name="java.runtime.name" value="Java(TM) SE Runtime Environment"/>
    <property name="sun.boot.library.path" value="C:\Program Files\Java\jdk1.7.0_79\jre\bin"/>
    <property name="java.vm.version" value="24.79-b02"/>
    <property name="java.vm.vendor" value="Oracle Corporation"/>
    <property name="maven.multiModuleProjectDirectory" value="D:\eclipse\BMI_AUTO_SERENITY"/>
    <property name="java.vendor.url" value="http://java.oracle.com/"/>
    <property name="path.separator" value=";"/>
    <property name="guice.disable.misplaced.annotation.check" value="true"/>
    <property name="java.vm.name" value="Java HotSpot(TM) 64-Bit Server VM"/>
    <property name="file.encoding.pkg" value="sun.io"/>
    <property name="user.script" value=""/>
    <property name="user.country" value="US"/>
    <property name="sun.java.launcher" value="SUN_STANDARD"/>
    <property name="sun.os.patch.level" value=""/>
    <property name="java.vm.specification.name" value="Java Virtual Machine Specification"/>
    <property name="user.dir" value="D:\eclipse\BMI_AUTO_SERENITY"/>
    <property name="java.runtime.version" value="1.7.0_79-b15"/>
    <property name="java.awt.graphicsenv" value="sun.awt.Win32GraphicsEnvironment"/>
    <property name="java.endorsed.dirs" value="C:\Program Files\Java\jdk1.7.0_79\jre\lib\endorsed"/>
    <property name="os.arch" value="amd64"/>
    <property name="java.io.tmpdir" value="C:\Users\Dippon\AppData\Local\Temp\"/>
    <property name="line.separator" value="&#10;"/>
    <property name="java.vm.specification.vendor" value="Oracle Corporation"/>
    <property name="user.variant" value=""/>
    <property name="os.name" value="Windows 8.1"/>
    <property name="classworlds.conf" value="C:\maven333\bin\m2.conf"/>
    <property name="webdriver.base.url" value="http://www.google.com"/>
    <property name="sun.jnu.encoding" value="Cp1252"/>
    <property name="java.library.path" value="C:\Program Files\Java\jdk1.7.0_79\bin;C:\Windows\Sun\Java\bin;C:\Windows\system32;C:\Windows;C:;C:\ConEmu;C:\Program Files (x86)\Intel\iCLS Client\;C:\Program Files\Intel\iCLS Client\;C:\Windows\system32;C:\Windows;C:\Windows\System32\Wbem;C:\Windows\System32\WindowsPowerShell\v1.0\;C:\Program Files\Intel\Intel(R) Management Engine Components\DAL;C:\Program Files (x86)\Intel\Intel(R) Management Engine Components\DAL;C:\Program Files\Intel\Intel(R) Management Engine Components\IPT;C:\Program Files (x86)\Intel\Intel(R) Management Engine Components\IPT;C:\Program Files (x86)\NVIDIA Corporation\PhysX\Common;C:\Program Files\Java\jdk1.7.0_79\bin;C:\apache-jmeter-2.10\bin;C:\Program Files\nodejs\;C:\Program Files (x86)\Git\cmd;C:\Program Files (x86)\Git\bin;C:\maven333\bin;C:\Program Files\Java\jdk1.7.0_79\bin;C:\Program Files (x86)\Skype\Phone\;C:\Users\Dippon\AppData\Roaming\npm;."/>
    <property name="java.specification.name" value="Java Platform API Specification"/>
    <property name="java.class.version" value="51.0"/>
    <property name="sun.management.compiler" value="HotSpot 64-Bit Tiered Compilers"/>
    <property name="os.version" value="6.3"/>
    <property name="user.home" value="C:\Users\Dippon"/>
    <property name="user.timezone" value="Europe/Athens"/>
    <property name="java.awt.printerjob" value="sun.awt.windows.WPrinterJob"/>
    <property name="java.specification.version" value="1.7"/>
    <property name="file.encoding" value="Cp1252"/>
    <property name="user.name" value="Dippon"/>
    <property name="java.class.path" value="C:\maven333\boot\plexus-classworlds-2.5.2.jar"/>
    <property name="java.vm.specification.version" value="1.7"/>
    <property name="sun.arch.data.model" value="64"/>
    <property name="java.home" value="C:\Program Files\Java\jdk1.7.0_79\jre"/>
    <property name="sun.java.command" value="org.codehaus.plexus.classworlds.launcher.Launcher verify -Dwebdriver.base.url=http://www.google.com"/>
    <property name="java.specification.vendor" value="Oracle Corporation"/>
    <property name="user.language" value="en"/>
    <property name="awt.toolkit" value="sun.awt.windows.WToolkit"/>
    <property name="java.vm.info" value="mixed mode"/>
    <property name="java.version" value="1.7.0_79"/>
    <property name="java.ext.dirs" value="C:\Program Files\Java\jdk1.7.0_79\jre\lib\ext;C:\Windows\Sun\Java\lib\ext"/>
    <property name="sun.boot.class.path" value="C:\Program Files\Java\jdk1.7.0_79\jre\lib\resources.jar;C:\Program Files\Java\jdk1.7.0_79\jre\lib\rt.jar;C:\Program Files\Java\jdk1.7.0_79\jre\lib\sunrsasign.jar;C:\Program Files\Java\jdk1.7.0_79\jre\lib\jsse.jar;C:\Program Files\Java\jdk1.7.0_79\jre\lib\jce.jar;C:\Program Files\Java\jdk1.7.0_79\jre\lib\charsets.jar;C:\Program Files\Java\jdk1.7.0_79\jre\lib\jfr.jar;C:\Program Files\Java\jdk1.7.0_79\jre\classes"/>
    <property name="java.vendor" value="Oracle Corporation"/>
    <property name="maven.home" value="C:\maven333"/>
    <property name="file.separator" value="\"/>
    <property name="java.vendor.url.bug" value="http://bugreport.sun.com/bugreport/"/>
    <property name="sun.cpu.endian" value="little"/>
    <property name="sun.io.unicode.encoding" value="UnicodeLittle"/>
    <property name="sun.desktop" value="windows"/>
    <property name="sun.cpu.isalist" value="amd64"/>
  </properties>
  <testcase name="moreTest" classname="com.evo.tests.wiki.junit.DefinitionTest" time="0.002"/>
  <testcase name="Given the user is on the Wikionary home page" classname="Scenario: Looking up the definition of &apos;apple&apos;" time="0"/>
  <testcase name="When the user looks up the definition of the word &apos;apple&apos;" classname="Scenario: Looking up the definition of &apos;apple&apos;" time="0.005">
    <error message="Timed out after 2 seconds. Element not found&#10;For documentation on this error, please visit: http://seleniumhq.org/exceptions/no_such_element.html&#10;Build info: version: &apos;2.48.2&apos;, revision: &apos;41bccdd10cf2c0560f637404c2d96164b67d9d67&apos;, time: &apos;2015-10-09 13:08:06&apos;&#10;System info: host: &apos;Darker&apos;, ip: &apos;192.168.0.162&apos;, os.name: &apos;Windows 8.1&apos;, os.arch: &apos;amd64&apos;, os.version: &apos;6.3&apos;, java.version: &apos;1.7.0_79&apos;&#10;Driver info: driver.version: unknown" type="net.serenitybdd.core.exceptions.SerenityWebDriverException"><![CDATA[net.serenitybdd.core.exceptions.SerenityWebDriverException: Timed out after 2 seconds. Element not found
For documentation on this error, please visit: http://seleniumhq.org/exceptions/no_such_element.html
Build info: version: '2.48.2', revision: '41bccdd10cf2c0560f637404c2d96164b67d9d67', time: '2015-10-09 13:08:06'
System info: host: 'Darker', ip: '192.168.0.162', os.name: 'Windows 8.1', os.arch: 'amd64', os.version: '6.3', java.version: '1.7.0_79'
Driver info: driver.version: unknown
	at net.thucydides.core.annotations.locators.SmartAjaxElementLocator.ajaxFindElement(SmartAjaxElementLocator.java:145)
	at net.thucydides.core.annotations.locators.SmartAjaxElementLocator.findElement(SmartAjaxElementLocator.java:93)
	at net.serenitybdd.core.pages.WebElementFacadeImpl.getElement(WebElementFacadeImpl.java:134)
	at net.serenitybdd.core.pages.WebElementFacadeImpl.withTimeoutOf(WebElementFacadeImpl.java:281)
	at net.serenitybdd.core.pages.WebElementFacadeImpl.waitUntilElementAvailable(WebElementFacadeImpl.java:664)
	at net.serenitybdd.core.pages.WebElementFacadeImpl.type(WebElementFacadeImpl.java:559)
	at sun.reflect.NativeMethodAccessorImpl.invoke0(Native Method)
	at sun.reflect.NativeMethodAccessorImpl.invoke(NativeMethodAccessorImpl.java:57)
	at sun.reflect.DelegatingMethodAccessorImpl.invoke(DelegatingMethodAccessorImpl.java:43)
	at java.lang.reflect.Method.invoke(Method.java:606)
	at net.thucydides.core.annotations.locators.AbstractSingleItemHandler.invoke(AbstractSingleItemHandler.java:45)
	at com.sun.proxy.$Proxy24.type(Unknown Source)
	at com.evo.sites.wiki.pages.home.DictionaryPage.enter_keywords(DictionaryPage.java:27)
	at com.evo.sites.wiki.steps.EndUserSteps.enters(EndUserSteps.java:18)
	at com.evo.sites.wiki.steps.EndUserSteps$$EnhancerByCGLIB$$d2589c47.CGLIB$enters$3(<generated>)
	at com.evo.sites.wiki.steps.EndUserSteps$$EnhancerByCGLIB$$d2589c47$$FastClassByCGLIB$$25725cbd.invoke(<generated>)
	at net.sf.cglib.proxy.MethodProxy.invokeSuper(MethodProxy.java:228)
	at net.thucydides.core.steps.StepInterceptor.invokeMethod(StepInterceptor.java:339)
	at net.thucydides.core.steps.StepInterceptor.executeTestStepMethod(StepInterceptor.java:324)
	at net.thucydides.core.steps.StepInterceptor.runTestStep(StepInterceptor.java:299)
	at net.thucydides.core.steps.StepInterceptor.testStepResult(StepInterceptor.java:129)
	at net.thucydides.core.steps.StepInterceptor.intercept(StepInterceptor.java:56)
	at com.evo.sites.wiki.steps.EndUserSteps$$EnhancerByCGLIB$$d2589c47.enters(<generated>)
	at com.evo.sites.wiki.steps.EndUserSteps.looks_for(EndUserSteps.java:38)
	at com.evo.sites.wiki.steps.EndUserSteps$$EnhancerByCGLIB$$d2589c47.CGLIB$looks_for$2(<generated>)
	at com.evo.sites.wiki.steps.EndUserSteps$$EnhancerByCGLIB$$d2589c47$$FastClassByCGLIB$$25725cbd.invoke(<generated>)
	at net.sf.cglib.proxy.MethodProxy.invokeSuper(MethodProxy.java:228)
	at net.thucydides.core.steps.StepInterceptor.invokeMethod(StepInterceptor.java:339)
	at net.thucydides.core.steps.StepInterceptor.executeTestStepMethod(StepInterceptor.java:324)
	at net.thucydides.core.steps.StepInterceptor.runTestStep(StepInterceptor.java:299)
	at net.thucydides.core.steps.StepInterceptor.testStepResult(StepInterceptor.java:129)
	at net.thucydides.core.steps.StepInterceptor.intercept(StepInterceptor.java:56)
	at com.evo.sites.wiki.steps.EndUserSteps$$EnhancerByCGLIB$$d2589c47.looks_for(<generated>)
	at com.evo.sites.wiki.glue.WikiDefinitions.whenTheUserLooksUpTheDefinitionOf(WikiDefinitions.java:23)
	at sun.reflect.NativeMethodAccessorImpl.invoke0(Native Method)
	at sun.reflect.NativeMethodAccessorImpl.invoke(NativeMethodAccessorImpl.java:57)
	at sun.reflect.DelegatingMethodAccessorImpl.invoke(DelegatingMethodAccessorImpl.java:43)
	at java.lang.reflect.Method.invoke(Method.java:606)
	at cucumber.runtime.Utils$1.call(Utils.java:37)
	at cucumber.runtime.Timeout.timeout(Timeout.java:13)
	at cucumber.runtime.Utils.invoke(Utils.java:31)
	at cucumber.runtime.java.JavaStepDefinition.execute(JavaStepDefinition.java:38)
	at cucumber.runtime.StepDefinitionMatch.runStep(StepDefinitionMatch.java:37)
	at cucumber.runtime.Runtime.runStep(Runtime.java:299)
	at cucumber.runtime.model.StepContainer.runStep(StepContainer.java:44)
	at cucumber.runtime.model.StepContainer.runSteps(StepContainer.java:39)
	at cucumber.runtime.model.CucumberScenario.run(CucumberScenario.java:44)
	at cucumber.runtime.junit.ExecutionUnitRunner.run(ExecutionUnitRunner.java:91)
	at cucumber.runtime.junit.FeatureRunner.runChild(FeatureRunner.java:63)
	at cucumber.runtime.junit.FeatureRunner.runChild(FeatureRunner.java:18)
	at org.junit.runners.ParentRunner$3.run(ParentRunner.java:290)
	at org.junit.runners.ParentRunner$1.schedule(ParentRunner.java:71)
	at org.junit.runners.ParentRunner.runChildren(ParentRunner.java:288)
	at org.junit.runners.ParentRunner.access$000(ParentRunner.java:58)
	at org.junit.runners.ParentRunner$2.evaluate(ParentRunner.java:268)
	at org.junit.runners.ParentRunner.run(ParentRunner.java:363)
	at cucumber.runtime.junit.FeatureRunner.run(FeatureRunner.java:70)
	at cucumber.api.junit.Cucumber.runChild(Cucumber.java:93)
	at cucumber.api.junit.Cucumber.runChild(Cucumber.java:37)
	at org.junit.runners.ParentRunner$3.run(ParentRunner.java:290)
	at org.junit.runners.ParentRunner$1.schedule(ParentRunner.java:71)
	at org.junit.runners.ParentRunner.runChildren(ParentRunner.java:288)
	at org.junit.runners.ParentRunner.access$000(ParentRunner.java:58)
	at org.junit.runners.ParentRunner$2.evaluate(ParentRunner.java:268)
	at org.junit.runners.ParentRunner.run(ParentRunner.java:363)
	at cucumber.api.junit.Cucumber.run(Cucumber.java:98)
	at org.junit.runners.Suite.runChild(Suite.java:128)
	at org.junit.runners.Suite.runChild(Suite.java:27)
	at org.junit.runners.ParentRunner$3.run(ParentRunner.java:290)
	at org.junit.runners.ParentRunner$1.schedule(ParentRunner.java:71)
	at org.junit.runners.ParentRunner.runChildren(ParentRunner.java:288)
	at org.junit.runners.ParentRunner.access$000(ParentRunner.java:58)
	at org.junit.runners.ParentRunner$2.evaluate(ParentRunner.java:268)
	at org.junit.runners.ParentRunner.run(ParentRunner.java:363)
	at org.apache.maven.surefire.junit4.JUnit4Provider.execute(JUnit4Provider.java:283)
	at org.apache.maven.surefire.junit4.JUnit4Provider.executeWithRerun(JUnit4Provider.java:173)
	at org.apache.maven.surefire.junit4.JUnit4Provider.executeTestSet(JUnit4Provider.java:153)
	at org.apache.maven.surefire.junit4.JUnit4Provider.invoke(JUnit4Provider.java:128)
	at org.apache.maven.surefire.booter.ForkedBooter.invokeProviderInSameClassLoader(ForkedBooter.java:203)
	at org.apache.maven.surefire.booter.ForkedBooter.runSuitesInProcess(ForkedBooter.java:155)
	at org.apache.maven.surefire.booter.ForkedBooter.main(ForkedBooter.java:103)
]]></error>
    <system-err><![CDATA[[main] INFO net.thucydides.core.steps.StepInterceptor - STARTING STEP: WikiDefinitions.whenTheUserLooksUpTheDefinitionOf - looks_for
[main] INFO net.thucydides.core.steps.StepInterceptor - STARTING STEP: EndUserSteps.looks_for - enters
[main] WARN net.thucydides.core.model.FailureAnalysis - Could not find error class: 
[main] WARN net.thucydides.core.model.FailureAnalysis - Could not find error class: 
[main] WARN net.thucydides.core.model.FailureAnalysis - Could not find error class: 
[main] WARN net.thucydides.core.model.FailureAnalysis - Could not find error class: 
[main] WARN net.thucydides.core.model.FailureAnalysis - Could not find error class: 
[main] WARN net.thucydides.core.model.FailureAnalysis - Could not find error class: 
[main] WARN net.thucydides.core.model.FailureAnalysis - Could not find error class: 
[main] INFO net.serenitybdd.core.Serenity - STEP FAILED: net.serenitybdd.core.exceptions.SerenityWebDriverException: Timed out after 2 seconds. Element not found
For documentation on this error, please visit: http://seleniumhq.org/exceptions/no_such_element.html
Build info: version: '2.48.2', revision: '41bccdd10cf2c0560f637404c2d96164b67d9d67', time: '2015-10-09 13:08:06'
System info: host: 'Darker', ip: '192.168.0.162', os.name: 'Windows 8.1', os.arch: 'amd64', os.version: '6.3', java.version: '1.7.0_79'
Driver info: driver.version: unknown
[main] WARN net.thucydides.core.model.FailureAnalysis - Could not find error class: 
[main] WARN net.thucydides.core.model.FailureAnalysis - Could not find error class: 
[main] WARN net.thucydides.core.model.FailureAnalysis - Could not find error class: 
[main] WARN net.thucydides.core.model.FailureAnalysis - Could not find error class: 
[main] WARN net.thucydides.core.model.FailureAnalysis - Could not find error class: 
[main] WARN net.thucydides.core.model.FailureAnalysis - Could not find error class: 
[main] WARN net.thucydides.core.model.FailureAnalysis - Could not find error class: 
[main] INFO net.serenitybdd.core.Serenity - STEP FAILED: net.serenitybdd.core.exceptions.SerenityWebDriverException: Timed out after 2 seconds. Element not found
For documentation on this error, please visit: http://seleniumhq.org/exceptions/no_such_element.html
Build info: version: '2.48.2', revision: '41bccdd10cf2c0560f637404c2d96164b67d9d67', time: '2015-10-09 13:08:06'
System info: host: 'Darker', ip: '192.168.0.162', os.name: 'Windows 8.1', os.arch: 'amd64', os.version: '6.3', java.version: '1.7.0_79'
Driver info: driver.version: unknown
]]></system-err>
  </testcase>
  <testcase name="Scenario: Looking up the definition of &apos;apple&apos;" classname="Scenario: Looking up the definition of &apos;apple&apos;" time="0.006">
    <error message="Timed out after 2 seconds. Element not found&#10;For documentation on this error, please visit: http://seleniumhq.org/exceptions/no_such_element.html&#10;Build info: version: &apos;2.48.2&apos;, revision: &apos;41bccdd10cf2c0560f637404c2d96164b67d9d67&apos;, time: &apos;2015-10-09 13:08:06&apos;&#10;System info: host: &apos;Darker&apos;, ip: &apos;192.168.0.162&apos;, os.name: &apos;Windows 8.1&apos;, os.arch: &apos;amd64&apos;, os.version: &apos;6.3&apos;, java.version: &apos;1.7.0_79&apos;&#10;Driver info: driver.version: unknown" type="net.serenitybdd.core.exceptions.SerenityWebDriverException"><![CDATA[net.serenitybdd.core.exceptions.SerenityWebDriverException: Timed out after 2 seconds. Element not found
For documentation on this error, please visit: http://seleniumhq.org/exceptions/no_such_element.html
Build info: version: '2.48.2', revision: '41bccdd10cf2c0560f637404c2d96164b67d9d67', time: '2015-10-09 13:08:06'
System info: host: 'Darker', ip: '192.168.0.162', os.name: 'Windows 8.1', os.arch: 'amd64', os.version: '6.3', java.version: '1.7.0_79'
Driver info: driver.version: unknown
	at net.thucydides.core.annotations.locators.SmartAjaxElementLocator.ajaxFindElement(SmartAjaxElementLocator.java:145)
	at net.thucydides.core.annotations.locators.SmartAjaxElementLocator.findElement(SmartAjaxElementLocator.java:93)
	at net.serenitybdd.core.pages.WebElementFacadeImpl.getElement(WebElementFacadeImpl.java:134)
	at net.serenitybdd.core.pages.WebElementFacadeImpl.withTimeoutOf(WebElementFacadeImpl.java:281)
	at net.serenitybdd.core.pages.WebElementFacadeImpl.waitUntilElementAvailable(WebElementFacadeImpl.java:664)
	at net.serenitybdd.core.pages.WebElementFacadeImpl.type(WebElementFacadeImpl.java:559)
	at sun.reflect.NativeMethodAccessorImpl.invoke0(Native Method)
	at sun.reflect.NativeMethodAccessorImpl.invoke(NativeMethodAccessorImpl.java:57)
	at sun.reflect.DelegatingMethodAccessorImpl.invoke(DelegatingMethodAccessorImpl.java:43)
	at java.lang.reflect.Method.invoke(Method.java:606)
	at net.thucydides.core.annotations.locators.AbstractSingleItemHandler.invoke(AbstractSingleItemHandler.java:45)
	at com.sun.proxy.$Proxy24.type(Unknown Source)
	at com.evo.sites.wiki.pages.home.DictionaryPage.enter_keywords(DictionaryPage.java:27)
	at com.evo.sites.wiki.steps.EndUserSteps.enters(EndUserSteps.java:18)
	at com.evo.sites.wiki.steps.EndUserSteps$$EnhancerByCGLIB$$d2589c47.CGLIB$enters$3(<generated>)
	at com.evo.sites.wiki.steps.EndUserSteps$$EnhancerByCGLIB$$d2589c47$$FastClassByCGLIB$$25725cbd.invoke(<generated>)
	at net.sf.cglib.proxy.MethodProxy.invokeSuper(MethodProxy.java:228)
	at net.thucydides.core.steps.StepInterceptor.invokeMethod(StepInterceptor.java:339)
	at net.thucydides.core.steps.StepInterceptor.executeTestStepMethod(StepInterceptor.java:324)
	at net.thucydides.core.steps.StepInterceptor.runTestStep(StepInterceptor.java:299)
	at net.thucydides.core.steps.StepInterceptor.testStepResult(StepInterceptor.java:129)
	at net.thucydides.core.steps.StepInterceptor.intercept(StepInterceptor.java:56)
	at com.evo.sites.wiki.steps.EndUserSteps$$EnhancerByCGLIB$$d2589c47.enters(<generated>)
	at com.evo.sites.wiki.steps.EndUserSteps.looks_for(EndUserSteps.java:38)
	at com.evo.sites.wiki.steps.EndUserSteps$$EnhancerByCGLIB$$d2589c47.CGLIB$looks_for$2(<generated>)
	at com.evo.sites.wiki.steps.EndUserSteps$$EnhancerByCGLIB$$d2589c47$$FastClassByCGLIB$$25725cbd.invoke(<generated>)
	at net.sf.cglib.proxy.MethodProxy.invokeSuper(MethodProxy.java:228)
	at net.thucydides.core.steps.StepInterceptor.invokeMethod(StepInterceptor.java:339)
	at net.thucydides.core.steps.StepInterceptor.executeTestStepMethod(StepInterceptor.java:324)
	at net.thucydides.core.steps.StepInterceptor.runTestStep(StepInterceptor.java:299)
	at net.thucydides.core.steps.StepInterceptor.testStepResult(StepInterceptor.java:129)
	at net.thucydides.core.steps.StepInterceptor.intercept(StepInterceptor.java:56)
	at com.evo.sites.wiki.steps.EndUserSteps$$EnhancerByCGLIB$$d2589c47.looks_for(<generated>)
	at com.evo.sites.wiki.glue.WikiDefinitions.whenTheUserLooksUpTheDefinitionOf(WikiDefinitions.java:23)
	at sun.reflect.NativeMethodAccessorImpl.invoke0(Native Method)
	at sun.reflect.NativeMethodAccessorImpl.invoke(NativeMethodAccessorImpl.java:57)
	at sun.reflect.DelegatingMethodAccessorImpl.invoke(DelegatingMethodAccessorImpl.java:43)
	at java.lang.reflect.Method.invoke(Method.java:606)
	at cucumber.runtime.Utils$1.call(Utils.java:37)
	at cucumber.runtime.Timeout.timeout(Timeout.java:13)
	at cucumber.runtime.Utils.invoke(Utils.java:31)
	at cucumber.runtime.java.JavaStepDefinition.execute(JavaStepDefinition.java:38)
	at cucumber.runtime.StepDefinitionMatch.runStep(StepDefinitionMatch.java:37)
	at cucumber.runtime.Runtime.runStep(Runtime.java:299)
	at cucumber.runtime.model.StepContainer.runStep(StepContainer.java:44)
	at cucumber.runtime.model.StepContainer.runSteps(StepContainer.java:39)
	at cucumber.runtime.model.CucumberScenario.run(CucumberScenario.java:44)
	at cucumber.runtime.junit.ExecutionUnitRunner.run(ExecutionUnitRunner.java:91)
	at cucumber.runtime.junit.FeatureRunner.runChild(FeatureRunner.java:63)
	at cucumber.runtime.junit.FeatureRunner.runChild(FeatureRunner.java:18)
	at org.junit.runners.ParentRunner$3.run(ParentRunner.java:290)
	at org.junit.runners.ParentRunner$1.schedule(ParentRunner.java:71)
	at org.junit.runners.ParentRunner.runChildren(ParentRunner.java:288)
	at org.junit.runners.ParentRunner.access$000(ParentRunner.java:58)
	at org.junit.runners.ParentRunner$2.evaluate(ParentRunner.java:268)
	at org.junit.runners.ParentRunner.run(ParentRunner.java:363)
	at cucumber.runtime.junit.FeatureRunner.run(FeatureRunner.java:70)
	at cucumber.api.junit.Cucumber.runChild(Cucumber.java:93)
	at cucumber.api.junit.Cucumber.runChild(Cucumber.java:37)
	at org.junit.runners.ParentRunner$3.run(ParentRunner.java:290)
	at org.junit.runners.ParentRunner$1.schedule(ParentRunner.java:71)
	at org.junit.runners.ParentRunner.runChildren(ParentRunner.java:288)
	at org.junit.runners.ParentRunner.access$000(ParentRunner.java:58)
	at org.junit.runners.ParentRunner$2.evaluate(ParentRunner.java:268)
	at org.junit.runners.ParentRunner.run(ParentRunner.java:363)
	at cucumber.api.junit.Cucumber.run(Cucumber.java:98)
	at org.junit.runners.Suite.runChild(Suite.java:128)
	at org.junit.runners.Suite.runChild(Suite.java:27)
	at org.junit.runners.ParentRunner$3.run(ParentRunner.java:290)
	at org.junit.runners.ParentRunner$1.schedule(ParentRunner.java:71)
	at org.junit.runners.ParentRunner.runChildren(ParentRunner.java:288)
	at org.junit.runners.ParentRunner.access$000(ParentRunner.java:58)
	at org.junit.runners.ParentRunner$2.evaluate(ParentRunner.java:268)
	at org.junit.runners.ParentRunner.run(ParentRunner.java:363)
	at org.apache.maven.surefire.junit4.JUnit4Provider.execute(JUnit4Provider.java:283)
	at org.apache.maven.surefire.junit4.JUnit4Provider.executeWithRerun(JUnit4Provider.java:173)
	at org.apache.maven.surefire.junit4.JUnit4Provider.executeTestSet(JUnit4Provider.java:153)
	at org.apache.maven.surefire.junit4.JUnit4Provider.invoke(JUnit4Provider.java:128)
	at org.apache.maven.surefire.booter.ForkedBooter.invokeProviderInSameClassLoader(ForkedBooter.java:203)
	at org.apache.maven.surefire.booter.ForkedBooter.runSuitesInProcess(ForkedBooter.java:155)
	at org.apache.maven.surefire.booter.ForkedBooter.main(ForkedBooter.java:103)
]]></error>
  </testcase>
  <testcase name="Then they should see the definition &apos;A common, round fruit produced by the tree Malus domestica, cultivated in temperate climates.&apos;" classname="Scenario: Looking up the definition of &apos;apple&apos;" time="0">
    <skipped/>
    <system-err><![CDATA[[main] WARN net.thucydides.core.model.FailureAnalysis - Could not find error class: 
[main] WARN net.thucydides.core.model.FailureAnalysis - Could not find error class: 
[main] WARN net.thucydides.core.model.FailureAnalysis - Could not find error class: 
[main] WARN net.thucydides.core.model.FailureAnalysis - Could not find error class: 
[main] WARN net.thucydides.core.model.FailureAnalysis - Could not find error class: 
[main] WARN net.thucydides.core.model.FailureAnalysis - Could not find error class: 
[main] WARN net.thucydides.core.model.FailureAnalysis - Could not find error class: 
[main] INFO net.serenitybdd.core.Serenity - STEP FAILED: net.serenitybdd.core.exceptions.SerenityWebDriverException: Timed out after 2 seconds. Element not found
For documentation on this error, please visit: http://seleniumhq.org/exceptions/no_such_element.html
Build info: version: '2.48.2', revision: '41bccdd10cf2c0560f637404c2d96164b67d9d67', time: '2015-10-09 13:08:06'
System info: host: 'Darker', ip: '192.168.0.162', os.name: 'Windows 8.1', os.arch: 'amd64', os.version: '6.3', java.version: '1.7.0_79'
Driver info: driver.version: unknown
]]></system-err>
  </testcase>
  <testcase name="Given the user is on the Wikionary home page" classname="Scenario: Looking up the definition of &apos;pear&apos;" time="0.001"/>
  <testcase name="When the user looks up the definition of the word &apos;pear&apos;" classname="Scenario: Looking up the definition of &apos;pear&apos;" time="0">
    <error message="Timed out after 2 seconds. Element not found&#10;For documentation on this error, please visit: http://seleniumhq.org/exceptions/no_such_element.html&#10;Build info: version: &apos;2.48.2&apos;, revision: &apos;41bccdd10cf2c0560f637404c2d96164b67d9d67&apos;, time: &apos;2015-10-09 13:08:06&apos;&#10;System info: host: &apos;Darker&apos;, ip: &apos;192.168.0.162&apos;, os.name: &apos;Windows 8.1&apos;, os.arch: &apos;amd64&apos;, os.version: &apos;6.3&apos;, java.version: &apos;1.7.0_79&apos;&#10;Driver info: driver.version: unknown" type="net.serenitybdd.core.exceptions.SerenityWebDriverException"><![CDATA[net.serenitybdd.core.exceptions.SerenityWebDriverException: Timed out after 2 seconds. Element not found
For documentation on this error, please visit: http://seleniumhq.org/exceptions/no_such_element.html
Build info: version: '2.48.2', revision: '41bccdd10cf2c0560f637404c2d96164b67d9d67', time: '2015-10-09 13:08:06'
System info: host: 'Darker', ip: '192.168.0.162', os.name: 'Windows 8.1', os.arch: 'amd64', os.version: '6.3', java.version: '1.7.0_79'
Driver info: driver.version: unknown
	at net.thucydides.core.annotations.locators.SmartAjaxElementLocator.ajaxFindElement(SmartAjaxElementLocator.java:145)
	at net.thucydides.core.annotations.locators.SmartAjaxElementLocator.findElement(SmartAjaxElementLocator.java:93)
	at net.serenitybdd.core.pages.WebElementFacadeImpl.getElement(WebElementFacadeImpl.java:134)
	at net.serenitybdd.core.pages.WebElementFacadeImpl.withTimeoutOf(WebElementFacadeImpl.java:281)
	at net.serenitybdd.core.pages.WebElementFacadeImpl.waitUntilElementAvailable(WebElementFacadeImpl.java:664)
	at net.serenitybdd.core.pages.WebElementFacadeImpl.type(WebElementFacadeImpl.java:559)
	at sun.reflect.NativeMethodAccessorImpl.invoke0(Native Method)
	at sun.reflect.NativeMethodAccessorImpl.invoke(NativeMethodAccessorImpl.java:57)
	at sun.reflect.DelegatingMethodAccessorImpl.invoke(DelegatingMethodAccessorImpl.java:43)
	at java.lang.reflect.Method.invoke(Method.java:606)
	at net.thucydides.core.annotations.locators.AbstractSingleItemHandler.invoke(AbstractSingleItemHandler.java:45)
	at com.sun.proxy.$Proxy24.type(Unknown Source)
	at com.evo.sites.wiki.pages.home.DictionaryPage.enter_keywords(DictionaryPage.java:27)
	at com.evo.sites.wiki.steps.EndUserSteps.enters(EndUserSteps.java:18)
	at com.evo.sites.wiki.steps.EndUserSteps$$EnhancerByCGLIB$$d2589c47.CGLIB$enters$3(<generated>)
	at com.evo.sites.wiki.steps.EndUserSteps$$EnhancerByCGLIB$$d2589c47$$FastClassByCGLIB$$25725cbd.invoke(<generated>)
	at net.sf.cglib.proxy.MethodProxy.invokeSuper(MethodProxy.java:228)
	at net.thucydides.core.steps.StepInterceptor.invokeMethod(StepInterceptor.java:339)
	at net.thucydides.core.steps.StepInterceptor.executeTestStepMethod(StepInterceptor.java:324)
	at net.thucydides.core.steps.StepInterceptor.runTestStep(StepInterceptor.java:299)
	at net.thucydides.core.steps.StepInterceptor.testStepResult(StepInterceptor.java:129)
	at net.thucydides.core.steps.StepInterceptor.intercept(StepInterceptor.java:56)
	at com.evo.sites.wiki.steps.EndUserSteps$$EnhancerByCGLIB$$d2589c47.enters(<generated>)
	at com.evo.sites.wiki.steps.EndUserSteps.looks_for(EndUserSteps.java:38)
	at com.evo.sites.wiki.steps.EndUserSteps$$EnhancerByCGLIB$$d2589c47.CGLIB$looks_for$2(<generated>)
	at com.evo.sites.wiki.steps.EndUserSteps$$EnhancerByCGLIB$$d2589c47$$FastClassByCGLIB$$25725cbd.invoke(<generated>)
	at net.sf.cglib.proxy.MethodProxy.invokeSuper(MethodProxy.java:228)
	at net.thucydides.core.steps.StepInterceptor.invokeMethod(StepInterceptor.java:339)
	at net.thucydides.core.steps.StepInterceptor.executeTestStepMethod(StepInterceptor.java:324)
	at net.thucydides.core.steps.StepInterceptor.runTestStep(StepInterceptor.java:299)
	at net.thucydides.core.steps.StepInterceptor.testStepResult(StepInterceptor.java:129)
	at net.thucydides.core.steps.StepInterceptor.intercept(StepInterceptor.java:56)
	at com.evo.sites.wiki.steps.EndUserSteps$$EnhancerByCGLIB$$d2589c47.looks_for(<generated>)
	at com.evo.sites.wiki.glue.WikiDefinitions.whenTheUserLooksUpTheDefinitionOf(WikiDefinitions.java:23)
	at sun.reflect.NativeMethodAccessorImpl.invoke0(Native Method)
	at sun.reflect.NativeMethodAccessorImpl.invoke(NativeMethodAccessorImpl.java:57)
	at sun.reflect.DelegatingMethodAccessorImpl.invoke(DelegatingMethodAccessorImpl.java:43)
	at java.lang.reflect.Method.invoke(Method.java:606)
	at cucumber.runtime.Utils$1.call(Utils.java:37)
	at cucumber.runtime.Timeout.timeout(Timeout.java:13)
	at cucumber.runtime.Utils.invoke(Utils.java:31)
	at cucumber.runtime.java.JavaStepDefinition.execute(JavaStepDefinition.java:38)
	at cucumber.runtime.StepDefinitionMatch.runStep(StepDefinitionMatch.java:37)
	at cucumber.runtime.Runtime.runStep(Runtime.java:299)
	at cucumber.runtime.model.StepContainer.runStep(StepContainer.java:44)
	at cucumber.runtime.model.StepContainer.runSteps(StepContainer.java:39)
	at cucumber.runtime.model.CucumberScenario.run(CucumberScenario.java:44)
	at cucumber.runtime.junit.ExecutionUnitRunner.run(ExecutionUnitRunner.java:91)
	at cucumber.runtime.junit.FeatureRunner.runChild(FeatureRunner.java:63)
	at cucumber.runtime.junit.FeatureRunner.runChild(FeatureRunner.java:18)
	at org.junit.runners.ParentRunner$3.run(ParentRunner.java:290)
	at org.junit.runners.ParentRunner$1.schedule(ParentRunner.java:71)
	at org.junit.runners.ParentRunner.runChildren(ParentRunner.java:288)
	at org.junit.runners.ParentRunner.access$000(ParentRunner.java:58)
	at org.junit.runners.ParentRunner$2.evaluate(ParentRunner.java:268)
	at org.junit.runners.ParentRunner.run(ParentRunner.java:363)
	at cucumber.runtime.junit.FeatureRunner.run(FeatureRunner.java:70)
	at cucumber.api.junit.Cucumber.runChild(Cucumber.java:93)
	at cucumber.api.junit.Cucumber.runChild(Cucumber.java:37)
	at org.junit.runners.ParentRunner$3.run(ParentRunner.java:290)
	at org.junit.runners.ParentRunner$1.schedule(ParentRunner.java:71)
	at org.junit.runners.ParentRunner.runChildren(ParentRunner.java:288)
	at org.junit.runners.ParentRunner.access$000(ParentRunner.java:58)
	at org.junit.runners.ParentRunner$2.evaluate(ParentRunner.java:268)
	at org.junit.runners.ParentRunner.run(ParentRunner.java:363)
	at cucumber.api.junit.Cucumber.run(Cucumber.java:98)
	at org.junit.runners.Suite.runChild(Suite.java:128)
	at org.junit.runners.Suite.runChild(Suite.java:27)
	at org.junit.runners.ParentRunner$3.run(ParentRunner.java:290)
	at org.junit.runners.ParentRunner$1.schedule(ParentRunner.java:71)
	at org.junit.runners.ParentRunner.runChildren(ParentRunner.java:288)
	at org.junit.runners.ParentRunner.access$000(ParentRunner.java:58)
	at org.junit.runners.ParentRunner$2.evaluate(ParentRunner.java:268)
	at org.junit.runners.ParentRunner.run(ParentRunner.java:363)
	at org.apache.maven.surefire.junit4.JUnit4Provider.execute(JUnit4Provider.java:283)
	at org.apache.maven.surefire.junit4.JUnit4Provider.executeWithRerun(JUnit4Provider.java:173)
	at org.apache.maven.surefire.junit4.JUnit4Provider.executeTestSet(JUnit4Provider.java:153)
	at org.apache.maven.surefire.junit4.JUnit4Provider.invoke(JUnit4Provider.java:128)
	at org.apache.maven.surefire.booter.ForkedBooter.invokeProviderInSameClassLoader(ForkedBooter.java:203)
	at org.apache.maven.surefire.booter.ForkedBooter.runSuitesInProcess(ForkedBooter.java:155)
	at org.apache.maven.surefire.booter.ForkedBooter.main(ForkedBooter.java:103)
]]></error>
    <system-err><![CDATA[[main] INFO net.thucydides.core.steps.StepInterceptor - STARTING STEP: WikiDefinitions.whenTheUserLooksUpTheDefinitionOf - looks_for
[main] INFO net.thucydides.core.steps.StepInterceptor - STARTING STEP: EndUserSteps.looks_for - enters
[main] WARN net.thucydides.core.model.FailureAnalysis - Could not find error class: 
[main] WARN net.thucydides.core.model.FailureAnalysis - Could not find error class: 
[main] WARN net.thucydides.core.model.FailureAnalysis - Could not find error class: 
[main] WARN net.thucydides.core.model.FailureAnalysis - Could not find error class: 
[main] WARN net.thucydides.core.model.FailureAnalysis - Could not find error class: 
[main] WARN net.thucydides.core.model.FailureAnalysis - Could not find error class: 
[main] WARN net.thucydides.core.model.FailureAnalysis - Could not find error class: 
[main] INFO net.serenitybdd.core.Serenity - STEP FAILED: net.serenitybdd.core.exceptions.SerenityWebDriverException: Timed out after 2 seconds. Element not found
For documentation on this error, please visit: http://seleniumhq.org/exceptions/no_such_element.html
Build info: version: '2.48.2', revision: '41bccdd10cf2c0560f637404c2d96164b67d9d67', time: '2015-10-09 13:08:06'
System info: host: 'Darker', ip: '192.168.0.162', os.name: 'Windows 8.1', os.arch: 'amd64', os.version: '6.3', java.version: '1.7.0_79'
Driver info: driver.version: unknown
[main] WARN net.thucydides.core.model.FailureAnalysis - Could not find error class: 
[main] WARN net.thucydides.core.model.FailureAnalysis - Could not find error class: 
[main] WARN net.thucydides.core.model.FailureAnalysis - Could not find error class: 
[main] WARN net.thucydides.core.model.FailureAnalysis - Could not find error class: 
[main] WARN net.thucydides.core.model.FailureAnalysis - Could not find error class: 
[main] WARN net.thucydides.core.model.FailureAnalysis - Could not find error class: 
[main] WARN net.thucydides.core.model.FailureAnalysis - Could not find error class: 
[main] INFO net.serenitybdd.core.Serenity - STEP FAILED: net.serenitybdd.core.exceptions.SerenityWebDriverException: Timed out after 2 seconds. Element not found
For documentation on this error, please visit: http://seleniumhq.org/exceptions/no_such_element.html
Build info: version: '2.48.2', revision: '41bccdd10cf2c0560f637404c2d96164b67d9d67', time: '2015-10-09 13:08:06'
System info: host: 'Darker', ip: '192.168.0.162', os.name: 'Windows 8.1', os.arch: 'amd64', os.version: '6.3', java.version: '1.7.0_79'
Driver info: driver.version: unknown
]]></system-err>
  </testcase>
  <testcase name="Scenario: Looking up the definition of &apos;pear&apos;" classname="Scenario: Looking up the definition of &apos;pear&apos;" time="0">
    <error message="Timed out after 2 seconds. Element not found&#10;For documentation on this error, please visit: http://seleniumhq.org/exceptions/no_such_element.html&#10;Build info: version: &apos;2.48.2&apos;, revision: &apos;41bccdd10cf2c0560f637404c2d96164b67d9d67&apos;, time: &apos;2015-10-09 13:08:06&apos;&#10;System info: host: &apos;Darker&apos;, ip: &apos;192.168.0.162&apos;, os.name: &apos;Windows 8.1&apos;, os.arch: &apos;amd64&apos;, os.version: &apos;6.3&apos;, java.version: &apos;1.7.0_79&apos;&#10;Driver info: driver.version: unknown" type="net.serenitybdd.core.exceptions.SerenityWebDriverException"><![CDATA[net.serenitybdd.core.exceptions.SerenityWebDriverException: Timed out after 2 seconds. Element not found
For documentation on this error, please visit: http://seleniumhq.org/exceptions/no_such_element.html
Build info: version: '2.48.2', revision: '41bccdd10cf2c0560f637404c2d96164b67d9d67', time: '2015-10-09 13:08:06'
System info: host: 'Darker', ip: '192.168.0.162', os.name: 'Windows 8.1', os.arch: 'amd64', os.version: '6.3', java.version: '1.7.0_79'
Driver info: driver.version: unknown
	at net.thucydides.core.annotations.locators.SmartAjaxElementLocator.ajaxFindElement(SmartAjaxElementLocator.java:145)
	at net.thucydides.core.annotations.locators.SmartAjaxElementLocator.findElement(SmartAjaxElementLocator.java:93)
	at net.serenitybdd.core.pages.WebElementFacadeImpl.getElement(WebElementFacadeImpl.java:134)
	at net.serenitybdd.core.pages.WebElementFacadeImpl.withTimeoutOf(WebElementFacadeImpl.java:281)
	at net.serenitybdd.core.pages.WebElementFacadeImpl.waitUntilElementAvailable(WebElementFacadeImpl.java:664)
	at net.serenitybdd.core.pages.WebElementFacadeImpl.type(WebElementFacadeImpl.java:559)
	at sun.reflect.NativeMethodAccessorImpl.invoke0(Native Method)
	at sun.reflect.NativeMethodAccessorImpl.invoke(NativeMethodAccessorImpl.java:57)
	at sun.reflect.DelegatingMethodAccessorImpl.invoke(DelegatingMethodAccessorImpl.java:43)
	at java.lang.reflect.Method.invoke(Method.java:606)
	at net.thucydides.core.annotations.locators.AbstractSingleItemHandler.invoke(AbstractSingleItemHandler.java:45)
	at com.sun.proxy.$Proxy24.type(Unknown Source)
	at com.evo.sites.wiki.pages.home.DictionaryPage.enter_keywords(DictionaryPage.java:27)
	at com.evo.sites.wiki.steps.EndUserSteps.enters(EndUserSteps.java:18)
	at com.evo.sites.wiki.steps.EndUserSteps$$EnhancerByCGLIB$$d2589c47.CGLIB$enters$3(<generated>)
	at com.evo.sites.wiki.steps.EndUserSteps$$EnhancerByCGLIB$$d2589c47$$FastClassByCGLIB$$25725cbd.invoke(<generated>)
	at net.sf.cglib.proxy.MethodProxy.invokeSuper(MethodProxy.java:228)
	at net.thucydides.core.steps.StepInterceptor.invokeMethod(StepInterceptor.java:339)
	at net.thucydides.core.steps.StepInterceptor.executeTestStepMethod(StepInterceptor.java:324)
	at net.thucydides.core.steps.StepInterceptor.runTestStep(StepInterceptor.java:299)
	at net.thucydides.core.steps.StepInterceptor.testStepResult(StepInterceptor.java:129)
	at net.thucydides.core.steps.StepInterceptor.intercept(StepInterceptor.java:56)
	at com.evo.sites.wiki.steps.EndUserSteps$$EnhancerByCGLIB$$d2589c47.enters(<generated>)
	at com.evo.sites.wiki.steps.EndUserSteps.looks_for(EndUserSteps.java:38)
	at com.evo.sites.wiki.steps.EndUserSteps$$EnhancerByCGLIB$$d2589c47.CGLIB$looks_for$2(<generated>)
	at com.evo.sites.wiki.steps.EndUserSteps$$EnhancerByCGLIB$$d2589c47$$FastClassByCGLIB$$25725cbd.invoke(<generated>)
	at net.sf.cglib.proxy.MethodProxy.invokeSuper(MethodProxy.java:228)
	at net.thucydides.core.steps.StepInterceptor.invokeMethod(StepInterceptor.java:339)
	at net.thucydides.core.steps.StepInterceptor.executeTestStepMethod(StepInterceptor.java:324)
	at net.thucydides.core.steps.StepInterceptor.runTestStep(StepInterceptor.java:299)
	at net.thucydides.core.steps.StepInterceptor.testStepResult(StepInterceptor.java:129)
	at net.thucydides.core.steps.StepInterceptor.intercept(StepInterceptor.java:56)
	at com.evo.sites.wiki.steps.EndUserSteps$$EnhancerByCGLIB$$d2589c47.looks_for(<generated>)
	at com.evo.sites.wiki.glue.WikiDefinitions.whenTheUserLooksUpTheDefinitionOf(WikiDefinitions.java:23)
	at sun.reflect.NativeMethodAccessorImpl.invoke0(Native Method)
	at sun.reflect.NativeMethodAccessorImpl.invoke(NativeMethodAccessorImpl.java:57)
	at sun.reflect.DelegatingMethodAccessorImpl.invoke(DelegatingMethodAccessorImpl.java:43)
	at java.lang.reflect.Method.invoke(Method.java:606)
	at cucumber.runtime.Utils$1.call(Utils.java:37)
	at cucumber.runtime.Timeout.timeout(Timeout.java:13)
	at cucumber.runtime.Utils.invoke(Utils.java:31)
	at cucumber.runtime.java.JavaStepDefinition.execute(JavaStepDefinition.java:38)
	at cucumber.runtime.StepDefinitionMatch.runStep(StepDefinitionMatch.java:37)
	at cucumber.runtime.Runtime.runStep(Runtime.java:299)
	at cucumber.runtime.model.StepContainer.runStep(StepContainer.java:44)
	at cucumber.runtime.model.StepContainer.runSteps(StepContainer.java:39)
	at cucumber.runtime.model.CucumberScenario.run(CucumberScenario.java:44)
	at cucumber.runtime.junit.ExecutionUnitRunner.run(ExecutionUnitRunner.java:91)
	at cucumber.runtime.junit.FeatureRunner.runChild(FeatureRunner.java:63)
	at cucumber.runtime.junit.FeatureRunner.runChild(FeatureRunner.java:18)
	at org.junit.runners.ParentRunner$3.run(ParentRunner.java:290)
	at org.junit.runners.ParentRunner$1.schedule(ParentRunner.java:71)
	at org.junit.runners.ParentRunner.runChildren(ParentRunner.java:288)
	at org.junit.runners.ParentRunner.access$000(ParentRunner.java:58)
	at org.junit.runners.ParentRunner$2.evaluate(ParentRunner.java:268)
	at org.junit.runners.ParentRunner.run(ParentRunner.java:363)
	at cucumber.runtime.junit.FeatureRunner.run(FeatureRunner.java:70)
	at cucumber.api.junit.Cucumber.runChild(Cucumber.java:93)
	at cucumber.api.junit.Cucumber.runChild(Cucumber.java:37)
	at org.junit.runners.ParentRunner$3.run(ParentRunner.java:290)
	at org.junit.runners.ParentRunner$1.schedule(ParentRunner.java:71)
	at org.junit.runners.ParentRunner.runChildren(ParentRunner.java:288)
	at org.junit.runners.ParentRunner.access$000(ParentRunner.java:58)
	at org.junit.runners.ParentRunner$2.evaluate(ParentRunner.java:268)
	at org.junit.runners.ParentRunner.run(ParentRunner.java:363)
	at cucumber.api.junit.Cucumber.run(Cucumber.java:98)
	at org.junit.runners.Suite.runChild(Suite.java:128)
	at org.junit.runners.Suite.runChild(Suite.java:27)
	at org.junit.runners.ParentRunner$3.run(ParentRunner.java:290)
	at org.junit.runners.ParentRunner$1.schedule(ParentRunner.java:71)
	at org.junit.runners.ParentRunner.runChildren(ParentRunner.java:288)
	at org.junit.runners.ParentRunner.access$000(ParentRunner.java:58)
	at org.junit.runners.ParentRunner$2.evaluate(ParentRunner.java:268)
	at org.junit.runners.ParentRunner.run(ParentRunner.java:363)
	at org.apache.maven.surefire.junit4.JUnit4Provider.execute(JUnit4Provider.java:283)
	at org.apache.maven.surefire.junit4.JUnit4Provider.executeWithRerun(JUnit4Provider.java:173)
	at org.apache.maven.surefire.junit4.JUnit4Provider.executeTestSet(JUnit4Provider.java:153)
	at org.apache.maven.surefire.junit4.JUnit4Provider.invoke(JUnit4Provider.java:128)
	at org.apache.maven.surefire.booter.ForkedBooter.invokeProviderInSameClassLoader(ForkedBooter.java:203)
	at org.apache.maven.surefire.booter.ForkedBooter.runSuitesInProcess(ForkedBooter.java:155)
	at org.apache.maven.surefire.booter.ForkedBooter.main(ForkedBooter.java:103)
]]></error>
  </testcase>
  <testcase name="Then they should see the definition &apos;An edible fruit produced by the pear tree, similar to an apple but elongated towards the stem.&apos;" classname="Scenario: Looking up the definition of &apos;pear&apos;" time="0">
    <skipped/>
    <system-err><![CDATA[[main] WARN net.thucydides.core.model.FailureAnalysis - Could not find error class: 
[main] WARN net.thucydides.core.model.FailureAnalysis - Could not find error class: 
[main] WARN net.thucydides.core.model.FailureAnalysis - Could not find error class: 
[main] WARN net.thucydides.core.model.FailureAnalysis - Could not find error class: 
[main] WARN net.thucydides.core.model.FailureAnalysis - Could not find error class: 
[main] WARN net.thucydides.core.model.FailureAnalysis - Could not find error class: 
[main] WARN net.thucydides.core.model.FailureAnalysis - Could not find error class: 
[main] INFO net.serenitybdd.core.Serenity - STEP FAILED: net.serenitybdd.core.exceptions.SerenityWebDriverException: Timed out after 2 seconds. Element not found
For documentation on this error, please visit: http://seleniumhq.org/exceptions/no_such_element.html
Build info: version: '2.48.2', revision: '41bccdd10cf2c0560f637404c2d96164b67d9d67', time: '2015-10-09 13:08:06'
System info: host: 'Darker', ip: '192.168.0.162', os.name: 'Windows 8.1', os.arch: 'amd64', os.version: '6.3', java.version: '1.7.0_79'
Driver info: driver.version: unknown
]]></system-err>
  </testcase>
  <testcase name="Given the user is on the Wikionary home page" classname="Scenario: Looking up the definition of &apos;beer&apos;" time="0"/>
  <testcase name="When the user looks up the definition of the word &apos;pear&apos;" classname="Scenario: Looking up the definition of &apos;beer&apos;" time="0">
    <error message="Timed out after 2 seconds. Element not found&#10;For documentation on this error, please visit: http://seleniumhq.org/exceptions/no_such_element.html&#10;Build info: version: &apos;2.48.2&apos;, revision: &apos;41bccdd10cf2c0560f637404c2d96164b67d9d67&apos;, time: &apos;2015-10-09 13:08:06&apos;&#10;System info: host: &apos;Darker&apos;, ip: &apos;192.168.0.162&apos;, os.name: &apos;Windows 8.1&apos;, os.arch: &apos;amd64&apos;, os.version: &apos;6.3&apos;, java.version: &apos;1.7.0_79&apos;&#10;Driver info: driver.version: unknown" type="net.serenitybdd.core.exceptions.SerenityWebDriverException"><![CDATA[net.serenitybdd.core.exceptions.SerenityWebDriverException: Timed out after 2 seconds. Element not found
For documentation on this error, please visit: http://seleniumhq.org/exceptions/no_such_element.html
Build info: version: '2.48.2', revision: '41bccdd10cf2c0560f637404c2d96164b67d9d67', time: '2015-10-09 13:08:06'
System info: host: 'Darker', ip: '192.168.0.162', os.name: 'Windows 8.1', os.arch: 'amd64', os.version: '6.3', java.version: '1.7.0_79'
Driver info: driver.version: unknown
	at net.thucydides.core.annotations.locators.SmartAjaxElementLocator.ajaxFindElement(SmartAjaxElementLocator.java:145)
	at net.thucydides.core.annotations.locators.SmartAjaxElementLocator.findElement(SmartAjaxElementLocator.java:93)
	at net.serenitybdd.core.pages.WebElementFacadeImpl.getElement(WebElementFacadeImpl.java:134)
	at net.serenitybdd.core.pages.WebElementFacadeImpl.withTimeoutOf(WebElementFacadeImpl.java:281)
	at net.serenitybdd.core.pages.WebElementFacadeImpl.waitUntilElementAvailable(WebElementFacadeImpl.java:664)
	at net.serenitybdd.core.pages.WebElementFacadeImpl.type(WebElementFacadeImpl.java:559)
	at sun.reflect.NativeMethodAccessorImpl.invoke0(Native Method)
	at sun.reflect.NativeMethodAccessorImpl.invoke(NativeMethodAccessorImpl.java:57)
	at sun.reflect.DelegatingMethodAccessorImpl.invoke(DelegatingMethodAccessorImpl.java:43)
	at java.lang.reflect.Method.invoke(Method.java:606)
	at net.thucydides.core.annotations.locators.AbstractSingleItemHandler.invoke(AbstractSingleItemHandler.java:45)
	at com.sun.proxy.$Proxy24.type(Unknown Source)
	at com.evo.sites.wiki.pages.home.DictionaryPage.enter_keywords(DictionaryPage.java:27)
	at com.evo.sites.wiki.steps.EndUserSteps.enters(EndUserSteps.java:18)
	at com.evo.sites.wiki.steps.EndUserSteps$$EnhancerByCGLIB$$d2589c47.CGLIB$enters$3(<generated>)
	at com.evo.sites.wiki.steps.EndUserSteps$$EnhancerByCGLIB$$d2589c47$$FastClassByCGLIB$$25725cbd.invoke(<generated>)
	at net.sf.cglib.proxy.MethodProxy.invokeSuper(MethodProxy.java:228)
	at net.thucydides.core.steps.StepInterceptor.invokeMethod(StepInterceptor.java:339)
	at net.thucydides.core.steps.StepInterceptor.executeTestStepMethod(StepInterceptor.java:324)
	at net.thucydides.core.steps.StepInterceptor.runTestStep(StepInterceptor.java:299)
	at net.thucydides.core.steps.StepInterceptor.testStepResult(StepInterceptor.java:129)
	at net.thucydides.core.steps.StepInterceptor.intercept(StepInterceptor.java:56)
	at com.evo.sites.wiki.steps.EndUserSteps$$EnhancerByCGLIB$$d2589c47.enters(<generated>)
	at com.evo.sites.wiki.steps.EndUserSteps.looks_for(EndUserSteps.java:38)
	at com.evo.sites.wiki.steps.EndUserSteps$$EnhancerByCGLIB$$d2589c47.CGLIB$looks_for$2(<generated>)
	at com.evo.sites.wiki.steps.EndUserSteps$$EnhancerByCGLIB$$d2589c47$$FastClassByCGLIB$$25725cbd.invoke(<generated>)
	at net.sf.cglib.proxy.MethodProxy.invokeSuper(MethodProxy.java:228)
	at net.thucydides.core.steps.StepInterceptor.invokeMethod(StepInterceptor.java:339)
	at net.thucydides.core.steps.StepInterceptor.executeTestStepMethod(StepInterceptor.java:324)
	at net.thucydides.core.steps.StepInterceptor.runTestStep(StepInterceptor.java:299)
	at net.thucydides.core.steps.StepInterceptor.testStepResult(StepInterceptor.java:129)
	at net.thucydides.core.steps.StepInterceptor.intercept(StepInterceptor.java:56)
	at com.evo.sites.wiki.steps.EndUserSteps$$EnhancerByCGLIB$$d2589c47.looks_for(<generated>)
	at com.evo.sites.wiki.glue.WikiDefinitions.whenTheUserLooksUpTheDefinitionOf(WikiDefinitions.java:23)
	at sun.reflect.NativeMethodAccessorImpl.invoke0(Native Method)
	at sun.reflect.NativeMethodAccessorImpl.invoke(NativeMethodAccessorImpl.java:57)
	at sun.reflect.DelegatingMethodAccessorImpl.invoke(DelegatingMethodAccessorImpl.java:43)
	at java.lang.reflect.Method.invoke(Method.java:606)
	at cucumber.runtime.Utils$1.call(Utils.java:37)
	at cucumber.runtime.Timeout.timeout(Timeout.java:13)
	at cucumber.runtime.Utils.invoke(Utils.java:31)
	at cucumber.runtime.java.JavaStepDefinition.execute(JavaStepDefinition.java:38)
	at cucumber.runtime.StepDefinitionMatch.runStep(StepDefinitionMatch.java:37)
	at cucumber.runtime.Runtime.runStep(Runtime.java:299)
	at cucumber.runtime.model.StepContainer.runStep(StepContainer.java:44)
	at cucumber.runtime.model.StepContainer.runSteps(StepContainer.java:39)
	at cucumber.runtime.model.CucumberScenario.run(CucumberScenario.java:44)
	at cucumber.runtime.junit.ExecutionUnitRunner.run(ExecutionUnitRunner.java:91)
	at cucumber.runtime.junit.FeatureRunner.runChild(FeatureRunner.java:63)
	at cucumber.runtime.junit.FeatureRunner.runChild(FeatureRunner.java:18)
	at org.junit.runners.ParentRunner$3.run(ParentRunner.java:290)
	at org.junit.runners.ParentRunner$1.schedule(ParentRunner.java:71)
	at org.junit.runners.ParentRunner.runChildren(ParentRunner.java:288)
	at org.junit.runners.ParentRunner.access$000(ParentRunner.java:58)
	at org.junit.runners.ParentRunner$2.evaluate(ParentRunner.java:268)
	at org.junit.runners.ParentRunner.run(ParentRunner.java:363)
	at cucumber.runtime.junit.FeatureRunner.run(FeatureRunner.java:70)
	at cucumber.api.junit.Cucumber.runChild(Cucumber.java:93)
	at cucumber.api.junit.Cucumber.runChild(Cucumber.java:37)
	at org.junit.runners.ParentRunner$3.run(ParentRunner.java:290)
	at org.junit.runners.ParentRunner$1.schedule(ParentRunner.java:71)
	at org.junit.runners.ParentRunner.runChildren(ParentRunner.java:288)
	at org.junit.runners.ParentRunner.access$000(ParentRunner.java:58)
	at org.junit.runners.ParentRunner$2.evaluate(ParentRunner.java:268)
	at org.junit.runners.ParentRunner.run(ParentRunner.java:363)
	at cucumber.api.junit.Cucumber.run(Cucumber.java:98)
	at org.junit.runners.Suite.runChild(Suite.java:128)
	at org.junit.runners.Suite.runChild(Suite.java:27)
	at org.junit.runners.ParentRunner$3.run(ParentRunner.java:290)
	at org.junit.runners.ParentRunner$1.schedule(ParentRunner.java:71)
	at org.junit.runners.ParentRunner.runChildren(ParentRunner.java:288)
	at org.junit.runners.ParentRunner.access$000(ParentRunner.java:58)
	at org.junit.runners.ParentRunner$2.evaluate(ParentRunner.java:268)
	at org.junit.runners.ParentRunner.run(ParentRunner.java:363)
	at org.apache.maven.surefire.junit4.JUnit4Provider.execute(JUnit4Provider.java:283)
	at org.apache.maven.surefire.junit4.JUnit4Provider.executeWithRerun(JUnit4Provider.java:173)
	at org.apache.maven.surefire.junit4.JUnit4Provider.executeTestSet(JUnit4Provider.java:153)
	at org.apache.maven.surefire.junit4.JUnit4Provider.invoke(JUnit4Provider.java:128)
	at org.apache.maven.surefire.booter.ForkedBooter.invokeProviderInSameClassLoader(ForkedBooter.java:203)
	at org.apache.maven.surefire.booter.ForkedBooter.runSuitesInProcess(ForkedBooter.java:155)
	at org.apache.maven.surefire.booter.ForkedBooter.main(ForkedBooter.java:103)
]]></error>
    <system-err><![CDATA[[main] INFO net.thucydides.core.steps.StepInterceptor - STARTING STEP: WikiDefinitions.whenTheUserLooksUpTheDefinitionOf - looks_for
[main] INFO net.thucydides.core.steps.StepInterceptor - STARTING STEP: EndUserSteps.looks_for - enters
[main] WARN net.thucydides.core.model.FailureAnalysis - Could not find error class: 
[main] WARN net.thucydides.core.model.FailureAnalysis - Could not find error class: 
[main] WARN net.thucydides.core.model.FailureAnalysis - Could not find error class: 
[main] WARN net.thucydides.core.model.FailureAnalysis - Could not find error class: 
[main] WARN net.thucydides.core.model.FailureAnalysis - Could not find error class: 
[main] WARN net.thucydides.core.model.FailureAnalysis - Could not find error class: 
[main] WARN net.thucydides.core.model.FailureAnalysis - Could not find error class: 
[main] INFO net.serenitybdd.core.Serenity - STEP FAILED: net.serenitybdd.core.exceptions.SerenityWebDriverException: Timed out after 2 seconds. Element not found
For documentation on this error, please visit: http://seleniumhq.org/exceptions/no_such_element.html
Build info: version: '2.48.2', revision: '41bccdd10cf2c0560f637404c2d96164b67d9d67', time: '2015-10-09 13:08:06'
System info: host: 'Darker', ip: '192.168.0.162', os.name: 'Windows 8.1', os.arch: 'amd64', os.version: '6.3', java.version: '1.7.0_79'
Driver info: driver.version: unknown
[main] WARN net.thucydides.core.model.FailureAnalysis - Could not find error class: 
[main] WARN net.thucydides.core.model.FailureAnalysis - Could not find error class: 
[main] WARN net.thucydides.core.model.FailureAnalysis - Could not find error class: 
[main] WARN net.thucydides.core.model.FailureAnalysis - Could not find error class: 
[main] WARN net.thucydides.core.model.FailureAnalysis - Could not find error class: 
[main] WARN net.thucydides.core.model.FailureAnalysis - Could not find error class: 
[main] WARN net.thucydides.core.model.FailureAnalysis - Could not find error class: 
[main] INFO net.serenitybdd.core.Serenity - STEP FAILED: net.serenitybdd.core.exceptions.SerenityWebDriverException: Timed out after 2 seconds. Element not found
For documentation on this error, please visit: http://seleniumhq.org/exceptions/no_such_element.html
Build info: version: '2.48.2', revision: '41bccdd10cf2c0560f637404c2d96164b67d9d67', time: '2015-10-09 13:08:06'
System info: host: 'Darker', ip: '192.168.0.162', os.name: 'Windows 8.1', os.arch: 'amd64', os.version: '6.3', java.version: '1.7.0_79'
Driver info: driver.version: unknown
]]></system-err>
  </testcase>
  <testcase name="Scenario: Looking up the definition of &apos;beer&apos;" classname="Scenario: Looking up the definition of &apos;beer&apos;" time="0.001">
    <error message="Timed out after 2 seconds. Element not found&#10;For documentation on this error, please visit: http://seleniumhq.org/exceptions/no_such_element.html&#10;Build info: version: &apos;2.48.2&apos;, revision: &apos;41bccdd10cf2c0560f637404c2d96164b67d9d67&apos;, time: &apos;2015-10-09 13:08:06&apos;&#10;System info: host: &apos;Darker&apos;, ip: &apos;192.168.0.162&apos;, os.name: &apos;Windows 8.1&apos;, os.arch: &apos;amd64&apos;, os.version: &apos;6.3&apos;, java.version: &apos;1.7.0_79&apos;&#10;Driver info: driver.version: unknown" type="net.serenitybdd.core.exceptions.SerenityWebDriverException"><![CDATA[net.serenitybdd.core.exceptions.SerenityWebDriverException: Timed out after 2 seconds. Element not found
For documentation on this error, please visit: http://seleniumhq.org/exceptions/no_such_element.html
Build info: version: '2.48.2', revision: '41bccdd10cf2c0560f637404c2d96164b67d9d67', time: '2015-10-09 13:08:06'
System info: host: 'Darker', ip: '192.168.0.162', os.name: 'Windows 8.1', os.arch: 'amd64', os.version: '6.3', java.version: '1.7.0_79'
Driver info: driver.version: unknown
	at net.thucydides.core.annotations.locators.SmartAjaxElementLocator.ajaxFindElement(SmartAjaxElementLocator.java:145)
	at net.thucydides.core.annotations.locators.SmartAjaxElementLocator.findElement(SmartAjaxElementLocator.java:93)
	at net.serenitybdd.core.pages.WebElementFacadeImpl.getElement(WebElementFacadeImpl.java:134)
	at net.serenitybdd.core.pages.WebElementFacadeImpl.withTimeoutOf(WebElementFacadeImpl.java:281)
	at net.serenitybdd.core.pages.WebElementFacadeImpl.waitUntilElementAvailable(WebElementFacadeImpl.java:664)
	at net.serenitybdd.core.pages.WebElementFacadeImpl.type(WebElementFacadeImpl.java:559)
	at sun.reflect.NativeMethodAccessorImpl.invoke0(Native Method)
	at sun.reflect.NativeMethodAccessorImpl.invoke(NativeMethodAccessorImpl.java:57)
	at sun.reflect.DelegatingMethodAccessorImpl.invoke(DelegatingMethodAccessorImpl.java:43)
	at java.lang.reflect.Method.invoke(Method.java:606)
	at net.thucydides.core.annotations.locators.AbstractSingleItemHandler.invoke(AbstractSingleItemHandler.java:45)
	at com.sun.proxy.$Proxy24.type(Unknown Source)
	at com.evo.sites.wiki.pages.home.DictionaryPage.enter_keywords(DictionaryPage.java:27)
	at com.evo.sites.wiki.steps.EndUserSteps.enters(EndUserSteps.java:18)
	at com.evo.sites.wiki.steps.EndUserSteps$$EnhancerByCGLIB$$d2589c47.CGLIB$enters$3(<generated>)
	at com.evo.sites.wiki.steps.EndUserSteps$$EnhancerByCGLIB$$d2589c47$$FastClassByCGLIB$$25725cbd.invoke(<generated>)
	at net.sf.cglib.proxy.MethodProxy.invokeSuper(MethodProxy.java:228)
	at net.thucydides.core.steps.StepInterceptor.invokeMethod(StepInterceptor.java:339)
	at net.thucydides.core.steps.StepInterceptor.executeTestStepMethod(StepInterceptor.java:324)
	at net.thucydides.core.steps.StepInterceptor.runTestStep(StepInterceptor.java:299)
	at net.thucydides.core.steps.StepInterceptor.testStepResult(StepInterceptor.java:129)
	at net.thucydides.core.steps.StepInterceptor.intercept(StepInterceptor.java:56)
	at com.evo.sites.wiki.steps.EndUserSteps$$EnhancerByCGLIB$$d2589c47.enters(<generated>)
	at com.evo.sites.wiki.steps.EndUserSteps.looks_for(EndUserSteps.java:38)
	at com.evo.sites.wiki.steps.EndUserSteps$$EnhancerByCGLIB$$d2589c47.CGLIB$looks_for$2(<generated>)
	at com.evo.sites.wiki.steps.EndUserSteps$$EnhancerByCGLIB$$d2589c47$$FastClassByCGLIB$$25725cbd.invoke(<generated>)
	at net.sf.cglib.proxy.MethodProxy.invokeSuper(MethodProxy.java:228)
	at net.thucydides.core.steps.StepInterceptor.invokeMethod(StepInterceptor.java:339)
	at net.thucydides.core.steps.StepInterceptor.executeTestStepMethod(StepInterceptor.java:324)
	at net.thucydides.core.steps.StepInterceptor.runTestStep(StepInterceptor.java:299)
	at net.thucydides.core.steps.StepInterceptor.testStepResult(StepInterceptor.java:129)
	at net.thucydides.core.steps.StepInterceptor.intercept(StepInterceptor.java:56)
	at com.evo.sites.wiki.steps.EndUserSteps$$EnhancerByCGLIB$$d2589c47.looks_for(<generated>)
	at com.evo.sites.wiki.glue.WikiDefinitions.whenTheUserLooksUpTheDefinitionOf(WikiDefinitions.java:23)
	at sun.reflect.NativeMethodAccessorImpl.invoke0(Native Method)
	at sun.reflect.NativeMethodAccessorImpl.invoke(NativeMethodAccessorImpl.java:57)
	at sun.reflect.DelegatingMethodAccessorImpl.invoke(DelegatingMethodAccessorImpl.java:43)
	at java.lang.reflect.Method.invoke(Method.java:606)
	at cucumber.runtime.Utils$1.call(Utils.java:37)
	at cucumber.runtime.Timeout.timeout(Timeout.java:13)
	at cucumber.runtime.Utils.invoke(Utils.java:31)
	at cucumber.runtime.java.JavaStepDefinition.execute(JavaStepDefinition.java:38)
	at cucumber.runtime.StepDefinitionMatch.runStep(StepDefinitionMatch.java:37)
	at cucumber.runtime.Runtime.runStep(Runtime.java:299)
	at cucumber.runtime.model.StepContainer.runStep(StepContainer.java:44)
	at cucumber.runtime.model.StepContainer.runSteps(StepContainer.java:39)
	at cucumber.runtime.model.CucumberScenario.run(CucumberScenario.java:44)
	at cucumber.runtime.junit.ExecutionUnitRunner.run(ExecutionUnitRunner.java:91)
	at cucumber.runtime.junit.FeatureRunner.runChild(FeatureRunner.java:63)
	at cucumber.runtime.junit.FeatureRunner.runChild(FeatureRunner.java:18)
	at org.junit.runners.ParentRunner$3.run(ParentRunner.java:290)
	at org.junit.runners.ParentRunner$1.schedule(ParentRunner.java:71)
	at org.junit.runners.ParentRunner.runChildren(ParentRunner.java:288)
	at org.junit.runners.ParentRunner.access$000(ParentRunner.java:58)
	at org.junit.runners.ParentRunner$2.evaluate(ParentRunner.java:268)
	at org.junit.runners.ParentRunner.run(ParentRunner.java:363)
	at cucumber.runtime.junit.FeatureRunner.run(FeatureRunner.java:70)
	at cucumber.api.junit.Cucumber.runChild(Cucumber.java:93)
	at cucumber.api.junit.Cucumber.runChild(Cucumber.java:37)
	at org.junit.runners.ParentRunner$3.run(ParentRunner.java:290)
	at org.junit.runners.ParentRunner$1.schedule(ParentRunner.java:71)
	at org.junit.runners.ParentRunner.runChildren(ParentRunner.java:288)
	at org.junit.runners.ParentRunner.access$000(ParentRunner.java:58)
	at org.junit.runners.ParentRunner$2.evaluate(ParentRunner.java:268)
	at org.junit.runners.ParentRunner.run(ParentRunner.java:363)
	at cucumber.api.junit.Cucumber.run(Cucumber.java:98)
	at org.junit.runners.Suite.runChild(Suite.java:128)
	at org.junit.runners.Suite.runChild(Suite.java:27)
	at org.junit.runners.ParentRunner$3.run(ParentRunner.java:290)
	at org.junit.runners.ParentRunner$1.schedule(ParentRunner.java:71)
	at org.junit.runners.ParentRunner.runChildren(ParentRunner.java:288)
	at org.junit.runners.ParentRunner.access$000(ParentRunner.java:58)
	at org.junit.runners.ParentRunner$2.evaluate(ParentRunner.java:268)
	at org.junit.runners.ParentRunner.run(ParentRunner.java:363)
	at org.apache.maven.surefire.junit4.JUnit4Provider.execute(JUnit4Provider.java:283)
	at org.apache.maven.surefire.junit4.JUnit4Provider.executeWithRerun(JUnit4Provider.java:173)
	at org.apache.maven.surefire.junit4.JUnit4Provider.executeTestSet(JUnit4Provider.java:153)
	at org.apache.maven.surefire.junit4.JUnit4Provider.invoke(JUnit4Provider.java:128)
	at org.apache.maven.surefire.booter.ForkedBooter.invokeProviderInSameClassLoader(ForkedBooter.java:203)
	at org.apache.maven.surefire.booter.ForkedBooter.runSuitesInProcess(ForkedBooter.java:155)
	at org.apache.maven.surefire.booter.ForkedBooter.main(ForkedBooter.java:103)
]]></error>
  </testcase>
  <testcase name="Then they should see the definition &apos;cucu ruz prjt&apos;" classname="Scenario: Looking up the definition of &apos;beer&apos;" time="0">
    <skipped/>
    <system-err><![CDATA[[main] WARN net.thucydides.core.model.FailureAnalysis - Could not find error class: 
[main] WARN net.thucydides.core.model.FailureAnalysis - Could not find error class: 
[main] WARN net.thucydides.core.model.FailureAnalysis - Could not find error class: 
[main] WARN net.thucydides.core.model.FailureAnalysis - Could not find error class: 
[main] WARN net.thucydides.core.model.FailureAnalysis - Could not find error class: 
[main] WARN net.thucydides.core.model.FailureAnalysis - Could not find error class: 
[main] WARN net.thucydides.core.model.FailureAnalysis - Could not find error class: 
[main] INFO net.serenitybdd.core.Serenity - STEP FAILED: net.serenitybdd.core.exceptions.SerenityWebDriverException: Timed out after 2 seconds. Element not found
For documentation on this error, please visit: http://seleniumhq.org/exceptions/no_such_element.html
Build info: version: '2.48.2', revision: '41bccdd10cf2c0560f637404c2d96164b67d9d67', time: '2015-10-09 13:08:06'
System info: host: 'Darker', ip: '192.168.0.162', os.name: 'Windows 8.1', os.arch: 'amd64', os.version: '6.3', java.version: '1.7.0_79'
Driver info: driver.version: unknown
]]></system-err>
  </testcase>
</testsuite>