<acceptance-test-run title="Looking up the definition of &apos;apple&apos;" name="Looking up the definition of &apos;apple&apos;" description="" steps="3" successful="1" failures="0" errors="1" skipped="1" ignored="0" pending="0" annotated-result="ERROR" result="ERROR" duration="8703" timestamp="2015-11-04T00:32:19.738+02:00">
  <user-story id="lookup-a-definition" name="Lookup a definition" path="LookupADefinition.feature"/>
  <tags>
    <tag name="Wiki/Consult dictionary" type="capability"/>
    <tag name="Consult dictionary/Lookup a definition" type="feature"/>
    <tag name="Wiki" type="theme"/>
  </tags>
  <test-group name="Given the user is on the Wikionary home page" result="SUCCESS">
    <screenshots>
      <screenshot image="332157035f73682d764dfd9093d38bb0.png"/>
    </screenshots>
    <test-step result="SUCCESS" duration="3712">
      <screenshots>
        <screenshot image="332157035f73682d764dfd9093d38bb0.png"/>
      </screenshots>
      <description>Is the home page</description>
    </test-step>
  </test-group>
  <test-group name="When the user looks up the definition of the word &apos;apple&apos;" result="ERROR">
    <screenshots>
      <screenshot image="332157035f73682d764dfd9093d38bb0.png"/>
    </screenshots>
    <test-group name="Looks for: &lt;span class=&apos;step-parameter&apos;&gt;apple&lt;/span&gt;" result="ERROR">
      <screenshots>
        <screenshot image="332157035f73682d764dfd9093d38bb0.png"/>
      </screenshots>
      <test-step result="ERROR" duration="4302">
        <screenshots>
          <screenshot image="332157035f73682d764dfd9093d38bb0.png"/>
        </screenshots>
        <description>Enters: &lt;span class=&apos;step-parameter&apos;&gt;apple&lt;/span&gt;</description>
        <error>org.openqa.selenium.NoSuchElementException: Timed out after 2 seconds. Element not found
For documentation on this error, please visit: http://seleniumhq.org/exceptions/no_such_element.html
Build info: version: &apos;2.48.2&apos;, revision: &apos;41bccdd10cf2c0560f637404c2d96164b67d9d67&apos;, time: &apos;2015-10-09 13:08:06&apos;
System info: host: &apos;Darker&apos;, ip: &apos;192.168.0.162&apos;, os.name: &apos;Windows 8.1&apos;, os.arch: &apos;amd64&apos;, os.version: &apos;6.3&apos;, java.version: &apos;1.7.0_79&apos;
Driver info: driver.version: unknown</error>
        <exception>org.openqa.selenium.NoSuchElementException:Timed out after 2 seconds. Element not found
For documentation on this error, please visit: http://seleniumhq.org/exceptions/no_such_element.html
Build info: version: &apos;2.48.2&apos;, revision: &apos;41bccdd10cf2c0560f637404c2d96164b67d9d67&apos;, time: &apos;2015-10-09 13:08:06&apos;
System info: host: &apos;Darker&apos;, ip: &apos;192.168.0.162&apos;, os.name: &apos;Windows 8.1&apos;, os.arch: &apos;amd64&apos;, os.version: &apos;6.3&apos;, java.version: &apos;1.7.0_79&apos;
Driver info: driver.version: unknown&#xd;
[com.evo.sites.wiki.pages.home.DictionaryPage.enter_keywords(DictionaryPage.java:27), com.evo.sites.wiki.steps.EndUserSteps.enters(EndUserSteps.java:18), com.evo.sites.wiki.steps.EndUserSteps.looks_for(EndUserSteps.java:38), com.evo.sites.wiki.glue.WikiDefinitions.whenTheUserLooksUpTheDefinitionOf(WikiDefinitions.java:23)]</exception>
      </test-step>
    </test-group>
  </test-group>
  <test-step result="SKIPPED" duration="2">
    <description>Then they should see the definition &apos;A common, round fruit produced by the tree Malus domestica, cultivated in temperate climates.&apos;</description>
  </test-step>
</acceptance-test-run>